{"D:\\University\\Ізгої\\2 курс\\2 семестр 2026\\BackEnd\\Fuh\\Back-End-Project\\MyDiary_v1.0\\PROJECT\\src\\app.js": {"path":"D:\\University\\Ізгої\\2 курс\\2 семестр 2026\\BackEnd\\Fuh\\Back-End-Project\\MyDiary_v1.0\\PROJECT\\src\\app.js","statementMap":{"0":{"start":{"line":1,"column":0},"end":{"line":1,"column":27}},"1":{"start":{"line":3,"column":16},"end":{"line":3,"column":34}},"2":{"start":{"line":4,"column":13},"end":{"line":4,"column":28}},"3":{"start":{"line":5,"column":13},"end":{"line":5,"column":28}},"4":{"start":{"line":6,"column":21},"end":{"line":6,"column":45}},"5":{"start":{"line":7,"column":18},"end":{"line":7,"column":47}},"6":{"start":{"line":8,"column":22},"end":{"line":8,"column":56}},"7":{"start":{"line":9,"column":20},"end":{"line":9,"column":52}},"8":{"start":{"line":10,"column":21},"end":{"line":10,"column":61}},"9":{"start":{"line":12,"column":12},"end":{"line":12,"column":21}},"10":{"start":{"line":13,"column":13},"end":{"line":13,"column":37}},"11":{"start":{"line":14,"column":20},"end":{"line":59,"column":2}},"12":{"start":{"line":61,"column":0},"end":{"line":61,"column":16}},"13":{"start":{"line":62,"column":0},"end":{"line":62,"column":24}},"14":{"start":{"line":63,"column":0},"end":{"line":63,"column":62}},"15":{"start":{"line":65,"column":0},"end":{"line":65,"column":68}},"16":{"start":{"line":66,"column":0},"end":{"line":66,"column":39}},"17":{"start":{"line":67,"column":0},"end":{"line":67,"column":35}},"18":{"start":{"line":69,"column":0},"end":{"line":69,"column":22}},"19":{"start":{"line":71,"column":0},"end":{"line":71,"column":21}}},"fnMap":{},"branchMap":{"0":{"loc":{"start":{"line":13,"column":13},"end":{"line":13,"column":37}},"type":"binary-expr","locations":[{"start":{"line":13,"column":13},"end":{"line":13,"column":29}},{"start":{"line":13,"column":33},"end":{"line":13,"column":37}}],"line":13}},"s":{"0":2,"1":2,"2":2,"3":2,"4":2,"5":2,"6":2,"7":2,"8":2,"9":2,"10":2,"11":2,"12":2,"13":2,"14":2,"15":2,"16":2,"17":2,"18":2,"19":2},"f":{},"b":{"0":[2,1]},"_coverageSchema":"1a1c01bbd47fc00a2c39e90264f33305004495a9","hash":"a4453691fad1721754485884284ad5e559d9e6ce"}
,"D:\\University\\Ізгої\\2 курс\\2 семестр 2026\\BackEnd\\Fuh\\Back-End-Project\\MyDiary_v1.0\\PROJECT\\src\\config\\prisma.js": {"path":"D:\\University\\Ізгої\\2 курс\\2 семестр 2026\\BackEnd\\Fuh\\Back-End-Project\\MyDiary_v1.0\\PROJECT\\src\\config\\prisma.js","statementMap":{"0":{"start":{"line":1,"column":25},"end":{"line":1,"column":50}},"1":{"start":{"line":3,"column":15},"end":{"line":3,"column":33}},"2":{"start":{"line":5,"column":0},"end":{"line":5,"column":24}}},"fnMap":{},"branchMap":{},"s":{"0":2,"1":2,"2":2},"f":{},"b":{},"_coverageSchema":"1a1c01bbd47fc00a2c39e90264f33305004495a9","hash":"db4ca9de7087c71fa6c99b71995dcfbb0ec8161f"}
,"D:\\University\\Ізгої\\2 курс\\2 семестр 2026\\BackEnd\\Fuh\\Back-End-Project\\MyDiary_v1.0\\PROJECT\\src\\controllers\\entries.controller.js": {"path":"D:\\University\\Ізгої\\2 курс\\2 семестр 2026\\BackEnd\\Fuh\\Back-End-Project\\MyDiary_v1.0\\PROJECT\\src\\controllers\\entries.controller.js","statementMap":{"0":{"start":{"line":1,"column":15},"end":{"line":1,"column":42}},"1":{"start":{"line":2,"column":48},"end":{"line":2,"column":85}},"2":{"start":{"line":3,"column":24},"end":{"line":3,"column":60}},"3":{"start":{"line":6,"column":4},"end":{"line":14,"column":5}},"4":{"start":{"line":7,"column":24},"end":{"line":9,"column":10}},"5":{"start":{"line":11,"column":8},"end":{"line":11,"column":26}},"6":{"start":{"line":13,"column":8},"end":{"line":13,"column":20}},"7":{"start":{"line":18,"column":4},"end":{"line":34,"column":5}},"8":{"start":{"line":19,"column":33},"end":{"line":19,"column":41}},"9":{"start":{"line":21,"column":8},"end":{"line":25,"column":9}},"10":{"start":{"line":22,"column":26},"end":{"line":22,"column":55}},"11":{"start":{"line":23,"column":12},"end":{"line":23,"column":35}},"12":{"start":{"line":24,"column":12},"end":{"line":24,"column":24}},"13":{"start":{"line":27,"column":25},"end":{"line":29,"column":10}},"14":{"start":{"line":31,"column":8},"end":{"line":31,"column":39}},"15":{"start":{"line":33,"column":8},"end":{"line":33,"column":20}},"16":{"start":{"line":38,"column":4},"end":{"line":61,"column":5}},"17":{"start":{"line":39,"column":19},"end":{"line":39,"column":53}},"18":{"start":{"line":41,"column":8},"end":{"line":45,"column":9}},"19":{"start":{"line":42,"column":26},"end":{"line":42,"column":58}},"20":{"start":{"line":43,"column":12},"end":{"line":43,"column":35}},"21":{"start":{"line":44,"column":12},"end":{"line":44,"column":24}},"22":{"start":{"line":47,"column":33},"end":{"line":47,"column":41}},"23":{"start":{"line":48,"column":29},"end":{"line":51,"column":10}},"24":{"start":{"line":53,"column":8},"end":{"line":53,"column":31}},"25":{"start":{"line":55,"column":8},"end":{"line":58,"column":9}},"26":{"start":{"line":56,"column":12},"end":{"line":56,"column":63}},"27":{"start":{"line":57,"column":12},"end":{"line":57,"column":19}},"28":{"start":{"line":60,"column":8},"end":{"line":60,"column":20}},"29":{"start":{"line":65,"column":4},"end":{"line":87,"column":5}},"30":{"start":{"line":66,"column":19},"end":{"line":66,"column":53}},"31":{"start":{"line":68,"column":8},"end":{"line":72,"column":9}},"32":{"start":{"line":69,"column":26},"end":{"line":69,"column":58}},"33":{"start":{"line":70,"column":12},"end":{"line":70,"column":35}},"34":{"start":{"line":71,"column":12},"end":{"line":71,"column":24}},"35":{"start":{"line":74,"column":30},"end":{"line":74,"column":78}},"36":{"start":{"line":76,"column":8},"end":{"line":79,"column":9}},"37":{"start":{"line":77,"column":12},"end":{"line":77,"column":63}},"38":{"start":{"line":78,"column":12},"end":{"line":78,"column":19}},"39":{"start":{"line":81,"column":8},"end":{"line":81,"column":35}},"40":{"start":{"line":82,"column":8},"end":{"line":82,"column":53}},"41":{"start":{"line":84,"column":8},"end":{"line":84,"column":75}},"42":{"start":{"line":86,"column":8},"end":{"line":86,"column":20}},"43":{"start":{"line":91,"column":4},"end":{"line":110,"column":5}},"44":{"start":{"line":92,"column":24},"end":{"line":92,"column":87}},"45":{"start":{"line":94,"column":8},"end":{"line":97,"column":9}},"46":{"start":{"line":95,"column":12},"end":{"line":95,"column":68}},"47":{"start":{"line":96,"column":12},"end":{"line":96,"column":19}},"48":{"start":{"line":99,"column":25},"end":{"line":99,"column":51}},"49":{"start":{"line":101,"column":8},"end":{"line":107,"column":11}},"50":{"start":{"line":102,"column":12},"end":{"line":104,"column":13}},"51":{"start":{"line":103,"column":16},"end":{"line":103,"column":56}},"52":{"start":{"line":106,"column":12},"end":{"line":106,"column":31}},"53":{"start":{"line":109,"column":8},"end":{"line":109,"column":20}},"54":{"start":{"line":113,"column":0},"end":{"line":119,"column":2}}},"fnMap":{"0":{"name":"getEntries","decl":{"start":{"line":5,"column":15},"end":{"line":5,"column":25}},"loc":{"start":{"line":5,"column":42},"end":{"line":15,"column":1}},"line":5},"1":{"name":"createEntry","decl":{"start":{"line":17,"column":15},"end":{"line":17,"column":26}},"loc":{"start":{"line":17,"column":43},"end":{"line":35,"column":1}},"line":17},"2":{"name":"updateEntry","decl":{"start":{"line":37,"column":15},"end":{"line":37,"column":26}},"loc":{"start":{"line":37,"column":43},"end":{"line":62,"column":1}},"line":37},"3":{"name":"deleteEntry","decl":{"start":{"line":64,"column":15},"end":{"line":64,"column":26}},"loc":{"start":{"line":64,"column":43},"end":{"line":88,"column":1}},"line":64},"4":{"name":"exportEntries","decl":{"start":{"line":90,"column":15},"end":{"line":90,"column":28}},"loc":{"start":{"line":90,"column":45},"end":{"line":111,"column":1}},"line":90},"5":{"name":"(anonymous_5)","decl":{"start":{"line":101,"column":47},"end":{"line":101,"column":48}},"loc":{"start":{"line":101,"column":58},"end":{"line":107,"column":9}},"line":101}},"branchMap":{"0":{"loc":{"start":{"line":21,"column":8},"end":{"line":25,"column":9}},"type":"if","locations":[{"start":{"line":21,"column":8},"end":{"line":25,"column":9}},{"start":{},"end":{}}],"line":21},"1":{"loc":{"start":{"line":21,"column":12},"end":{"line":21,"column":45}},"type":"binary-expr","locations":[{"start":{"line":21,"column":12},"end":{"line":21,"column":20}},{"start":{"line":21,"column":24},"end":{"line":21,"column":45}}],"line":21},"2":{"loc":{"start":{"line":28,"column":34},"end":{"line":28,"column":45}},"type":"binary-expr","locations":[{"start":{"line":28,"column":34},"end":{"line":28,"column":37}},{"start":{"line":28,"column":41},"end":{"line":28,"column":45}}],"line":28},"3":{"loc":{"start":{"line":41,"column":8},"end":{"line":45,"column":9}},"type":"if","locations":[{"start":{"line":41,"column":8},"end":{"line":45,"column":9}},{"start":{},"end":{}}],"line":41},"4":{"loc":{"start":{"line":55,"column":8},"end":{"line":58,"column":9}},"type":"if","locations":[{"start":{"line":55,"column":8},"end":{"line":58,"column":9}},{"start":{},"end":{}}],"line":55},"5":{"loc":{"start":{"line":68,"column":8},"end":{"line":72,"column":9}},"type":"if","locations":[{"start":{"line":68,"column":8},"end":{"line":72,"column":9}},{"start":{},"end":{}}],"line":68},"6":{"loc":{"start":{"line":76,"column":8},"end":{"line":79,"column":9}},"type":"if","locations":[{"start":{"line":76,"column":8},"end":{"line":79,"column":9}},{"start":{},"end":{}}],"line":76},"7":{"loc":{"start":{"line":94,"column":8},"end":{"line":97,"column":9}},"type":"if","locations":[{"start":{"line":94,"column":8},"end":{"line":97,"column":9}},{"start":{},"end":{}}],"line":94},"8":{"loc":{"start":{"line":102,"column":12},"end":{"line":104,"column":13}},"type":"if","locations":[{"start":{"line":102,"column":12},"end":{"line":104,"column":13}},{"start":{},"end":{}}],"line":102}},"s":{"0":2,"1":2,"2":2,"3":3,"4":3,"5":1,"6":2,"7":4,"8":4,"9":4,"10":1,"11":1,"12":1,"13":3,"14":2,"15":2,"16":4,"17":4,"18":4,"19":1,"20":1,"21":1,"22":3,"23":3,"24":1,"25":3,"26":1,"27":1,"28":2,"29":4,"30":4,"31":4,"32":1,"33":1,"34":1,"35":3,"36":3,"37":1,"38":1,"39":2,"40":2,"41":1,"42":2,"43":4,"44":4,"45":3,"46":1,"47":1,"48":2,"49":2,"50":2,"51":1,"52":2,"53":1,"54":2},"f":{"0":3,"1":4,"2":4,"3":4,"4":4,"5":2},"b":{"0":[1,3],"1":[4,3],"2":[3,2],"3":[1,3],"4":[1,2],"5":[1,3],"6":[1,2],"7":[1,2],"8":[1,1]},"_coverageSchema":"1a1c01bbd47fc00a2c39e90264f33305004495a9","hash":"2ad48ba95184ce7748b5d2aa9696c1a8dcdf7b67"}
,"D:\\University\\Ізгої\\2 курс\\2 семестр 2026\\BackEnd\\Fuh\\Back-End-Project\\MyDiary_v1.0\\PROJECT\\src\\controllers\\trash.controller.js": {"path":"D:\\University\\Ізгої\\2 курс\\2 семестр 2026\\BackEnd\\Fuh\\Back-End-Project\\MyDiary_v1.0\\PROJECT\\src\\controllers\\trash.controller.js","statementMap":{"0":{"start":{"line":1,"column":22},"end":{"line":1,"column":58}},"1":{"start":{"line":4,"column":4},"end":{"line":9,"column":5}},"2":{"start":{"line":5,"column":21},"end":{"line":5,"column":32}},"3":{"start":{"line":6,"column":8},"end":{"line":6,"column":23}},"4":{"start":{"line":8,"column":8},"end":{"line":8,"column":20}},"5":{"start":{"line":12,"column":0},"end":{"line":14,"column":2}}},"fnMap":{"0":{"name":"getTrash","decl":{"start":{"line":3,"column":9},"end":{"line":3,"column":17}},"loc":{"start":{"line":3,"column":34},"end":{"line":10,"column":1}},"line":3}},"branchMap":{},"s":{"0":2,"1":3,"2":3,"3":1,"4":2,"5":2},"f":{"0":3},"b":{},"_coverageSchema":"1a1c01bbd47fc00a2c39e90264f33305004495a9","hash":"b0badf39ed2218e02818ec8490aa9119ee1af2f7"}
,"D:\\University\\Ізгої\\2 курс\\2 семестр 2026\\BackEnd\\Fuh\\Back-End-Project\\MyDiary_v1.0\\PROJECT\\src\\middleware\\error.middleware.js": {"path":"D:\\University\\Ізгої\\2 курс\\2 семестр 2026\\BackEnd\\Fuh\\Back-End-Project\\MyDiary_v1.0\\PROJECT\\src\\middleware\\error.middleware.js","statementMap":{"0":{"start":{"line":2,"column":19},"end":{"line":2,"column":42}},"1":{"start":{"line":4,"column":4},"end":{"line":4,"column":47}},"2":{"start":{"line":6,"column":4},"end":{"line":8,"column":7}},"3":{"start":{"line":11,"column":0},"end":{"line":11,"column":30}}},"fnMap":{"0":{"name":"errorHandler","decl":{"start":{"line":1,"column":9},"end":{"line":1,"column":21}},"loc":{"start":{"line":1,"column":46},"end":{"line":9,"column":1}},"line":1}},"branchMap":{"0":{"loc":{"start":{"line":2,"column":19},"end":{"line":2,"column":42}},"type":"binary-expr","locations":[{"start":{"line":2,"column":19},"end":{"line":2,"column":35}},{"start":{"line":2,"column":39},"end":{"line":2,"column":42}}],"line":2},"1":{"loc":{"start":{"line":7,"column":15},"end":{"line":7,"column":46}},"type":"binary-expr","locations":[{"start":{"line":7,"column":15},"end":{"line":7,"column":28}},{"start":{"line":7,"column":32},"end":{"line":7,"column":46}}],"line":7}},"s":{"0":8,"1":8,"2":8,"3":2},"f":{"0":8},"b":{"0":[8,5],"1":[8,1]},"_coverageSchema":"1a1c01bbd47fc00a2c39e90264f33305004495a9","hash":"366f2b0044931e0fecc9c188b9e00092c1c09fe3"}
,"D:\\University\\Ізгої\\2 курс\\2 семестр 2026\\BackEnd\\Fuh\\Back-End-Project\\MyDiary_v1.0\\PROJECT\\src\\routes\\entries.routes.js": {"path":"D:\\University\\Ізгої\\2 курс\\2 семестр 2026\\BackEnd\\Fuh\\Back-End-Project\\MyDiary_v1.0\\PROJECT\\src\\routes\\entries.routes.js","statementMap":{"0":{"start":{"line":1,"column":16},"end":{"line":1,"column":34}},"1":{"start":{"line":8,"column":4},"end":{"line":8,"column":48}},"2":{"start":{"line":10,"column":15},"end":{"line":10,"column":31}},"3":{"start":{"line":22,"column":0},"end":{"line":22,"column":37}},"4":{"start":{"line":40,"column":0},"end":{"line":40,"column":28}},"5":{"start":{"line":68,"column":0},"end":{"line":68,"column":30}},"6":{"start":{"line":101,"column":0},"end":{"line":101,"column":32}},"7":{"start":{"line":132,"column":0},"end":{"line":132,"column":35}},"8":{"start":{"line":134,"column":0},"end":{"line":134,"column":24}}},"fnMap":{},"branchMap":{},"s":{"0":2,"1":2,"2":2,"3":2,"4":2,"5":2,"6":2,"7":2,"8":2},"f":{},"b":{},"_coverageSchema":"1a1c01bbd47fc00a2c39e90264f33305004495a9","hash":"ed328613e890fd071a3a613d8f173e6f8767150b"}
,"D:\\University\\Ізгої\\2 курс\\2 семестр 2026\\BackEnd\\Fuh\\Back-End-Project\\MyDiary_v1.0\\PROJECT\\src\\routes\\trash.routes.js": {"path":"D:\\University\\Ізгої\\2 курс\\2 семестр 2026\\BackEnd\\Fuh\\Back-End-Project\\MyDiary_v1.0\\PROJECT\\src\\routes\\trash.routes.js","statementMap":{"0":{"start":{"line":1,"column":16},"end":{"line":1,"column":34}},"1":{"start":{"line":2,"column":21},"end":{"line":2,"column":63}},"2":{"start":{"line":4,"column":15},"end":{"line":4,"column":31}},"3":{"start":{"line":22,"column":0},"end":{"line":22,"column":26}},"4":{"start":{"line":24,"column":0},"end":{"line":24,"column":24}}},"fnMap":{},"branchMap":{},"s":{"0":2,"1":2,"2":2,"3":2,"4":2},"f":{},"b":{},"_coverageSchema":"1a1c01bbd47fc00a2c39e90264f33305004495a9","hash":"7c7bc0531335889cd5bc2edc7a4b7e70102f7ab1"}
,"D:\\University\\Ізгої\\2 курс\\2 семестр 2026\\BackEnd\\Fuh\\Back-End-Project\\MyDiary_v1.0\\PROJECT\\src\\services\\export.service.js": {"path":"D:\\University\\Ізгої\\2 курс\\2 семестр 2026\\BackEnd\\Fuh\\Back-End-Project\\MyDiary_v1.0\\PROJECT\\src\\services\\export.service.js","statementMap":{"0":{"start":{"line":1,"column":11},"end":{"line":1,"column":24}},"1":{"start":{"line":2,"column":13},"end":{"line":2,"column":28}},"2":{"start":{"line":4,"column":25},"end":{"line":4,"column":77}},"3":{"start":{"line":7,"column":22},"end":{"line":7,"column":54}},"4":{"start":{"line":9,"column":4},"end":{"line":15,"column":7}},"5":{"start":{"line":10,"column":8},"end":{"line":10,"column":60}},"6":{"start":{"line":11,"column":8},"end":{"line":11,"column":87}},"7":{"start":{"line":12,"column":8},"end":{"line":12,"column":57}},"8":{"start":{"line":13,"column":8},"end":{"line":13,"column":53}},"9":{"start":{"line":14,"column":8},"end":{"line":14,"column":72}},"10":{"start":{"line":17,"column":4},"end":{"line":17,"column":60}},"11":{"start":{"line":19,"column":4},"end":{"line":19,"column":28}},"12":{"start":{"line":23,"column":4},"end":{"line":25,"column":5}},"13":{"start":{"line":24,"column":8},"end":{"line":24,"column":40}},"14":{"start":{"line":28,"column":0},"end":{"line":31,"column":2}}},"fnMap":{"0":{"name":"createDiaryExport","decl":{"start":{"line":6,"column":9},"end":{"line":6,"column":26}},"loc":{"start":{"line":6,"column":36},"end":{"line":20,"column":1}},"line":6},"1":{"name":"(anonymous_1)","decl":{"start":{"line":9,"column":20},"end":{"line":9,"column":21}},"loc":{"start":{"line":9,"column":38},"end":{"line":15,"column":5}},"line":9},"2":{"name":"removeExportFile","decl":{"start":{"line":22,"column":9},"end":{"line":22,"column":25}},"loc":{"start":{"line":22,"column":28},"end":{"line":26,"column":1}},"line":22}},"branchMap":{"0":{"loc":{"start":{"line":12,"column":31},"end":{"line":12,"column":52}},"type":"binary-expr","locations":[{"start":{"line":12,"column":31},"end":{"line":12,"column":40}},{"start":{"line":12,"column":44},"end":{"line":12,"column":52}}],"line":12},"1":{"loc":{"start":{"line":23,"column":4},"end":{"line":25,"column":5}},"type":"if","locations":[{"start":{"line":23,"column":4},"end":{"line":25,"column":5}},{"start":{},"end":{}}],"line":23}},"s":{"0":2,"1":2,"2":2,"3":3,"4":3,"5":3,"6":3,"7":3,"8":3,"9":3,"10":3,"11":3,"12":4,"13":3,"14":2},"f":{"0":3,"1":3,"2":4},"b":{"0":[3,3],"1":[3,1]},"_coverageSchema":"1a1c01bbd47fc00a2c39e90264f33305004495a9","hash":"5c011e425bdd3590cbe46297be6867ae4991c31a"}
,"D:\\University\\Ізгої\\2 курс\\2 семестр 2026\\BackEnd\\Fuh\\Back-End-Project\\MyDiary_v1.0\\PROJECT\\src\\services\\trash.service.js": {"path":"D:\\University\\Ізгої\\2 курс\\2 семестр 2026\\BackEnd\\Fuh\\Back-End-Project\\MyDiary_v1.0\\PROJECT\\src\\services\\trash.service.js","statementMap":{"0":{"start":{"line":1,"column":11},"end":{"line":1,"column":24}},"1":{"start":{"line":2,"column":13},"end":{"line":2,"column":28}},"2":{"start":{"line":4,"column":24},"end":{"line":4,"column":74}},"3":{"start":{"line":7,"column":4},"end":{"line":9,"column":5}},"4":{"start":{"line":8,"column":8},"end":{"line":8,"column":18}},"5":{"start":{"line":11,"column":21},"end":{"line":11,"column":61}},"6":{"start":{"line":12,"column":4},"end":{"line":12,"column":40}},"7":{"start":{"line":16,"column":18},"end":{"line":16,"column":29}},"8":{"start":{"line":18,"column":4},"end":{"line":21,"column":7}},"9":{"start":{"line":23,"column":4},"end":{"line":23,"column":78}},"10":{"start":{"line":26,"column":0},"end":{"line":29,"column":2}}},"fnMap":{"0":{"name":"readTrash","decl":{"start":{"line":6,"column":9},"end":{"line":6,"column":18}},"loc":{"start":{"line":6,"column":21},"end":{"line":13,"column":1}},"line":6},"1":{"name":"saveToTrash","decl":{"start":{"line":15,"column":9},"end":{"line":15,"column":20}},"loc":{"start":{"line":15,"column":27},"end":{"line":24,"column":1}},"line":15}},"branchMap":{"0":{"loc":{"start":{"line":7,"column":4},"end":{"line":9,"column":5}},"type":"if","locations":[{"start":{"line":7,"column":4},"end":{"line":9,"column":5}},{"start":{},"end":{}}],"line":7},"1":{"loc":{"start":{"line":12,"column":22},"end":{"line":12,"column":38}},"type":"binary-expr","locations":[{"start":{"line":12,"column":22},"end":{"line":12,"column":30}},{"start":{"line":12,"column":34},"end":{"line":12,"column":38}}],"line":12}},"s":{"0":2,"1":2,"2":2,"3":7,"4":3,"5":4,"6":3,"7":2,"8":2,"9":2,"10":2},"f":{"0":7,"1":2},"b":{"0":[3,4],"1":[3,1]},"_coverageSchema":"1a1c01bbd47fc00a2c39e90264f33305004495a9","hash":"3587433ec13433589272c42d48fa119671591653"}
}
