TN:
SF:src\app.js
FNF:0
FNH:0
DA:1,2
DA:3,2
DA:4,2
DA:5,2
DA:6,2
DA:7,2
DA:8,2
DA:9,2
DA:10,2
DA:12,2
DA:13,2
DA:14,2
DA:61,2
DA:62,2
DA:63,2
DA:65,2
DA:66,2
DA:67,2
DA:69,2
DA:71,2
LF:20
LH:20
BRDA:13,0,0,2
BRDA:13,0,1,1
BRF:2
BRH:2
end_of_record
TN:
SF:src\config\prisma.js
FNF:0
FNH:0
DA:1,2
DA:3,2
DA:5,2
LF:3
LH:3
BRF:0
BRH:0
end_of_record
TN:
SF:src\controllers\entries.controller.js
FN:5,getEntries
FN:17,createEntry
FN:37,updateEntry
FN:64,deleteEntry
FN:90,exportEntries
FN:101,(anonymous_5)
FNF:6
FNH:6
FNDA:3,getEntries
FNDA:4,createEntry
FNDA:4,updateEntry
FNDA:4,deleteEntry
FNDA:4,exportEntries
FNDA:2,(anonymous_5)
DA:1,2
DA:2,2
DA:3,2
DA:6,3
DA:7,3
DA:11,1
DA:13,2
DA:18,4
DA:19,4
DA:21,4
DA:22,1
DA:23,1
DA:24,1
DA:27,3
DA:31,2
DA:33,2
DA:38,4
DA:39,4
DA:41,4
DA:42,1
DA:43,1
DA:44,1
DA:47,3
DA:48,3
DA:53,1
DA:55,3
DA:56,1
DA:57,1
DA:60,2
DA:65,4
DA:66,4
DA:68,4
DA:69,1
DA:70,1
DA:71,1
DA:74,3
DA:76,3
DA:77,1
DA:78,1
DA:81,2
DA:82,2
DA:84,1
DA:86,2
DA:91,4
DA:92,4
DA:94,3
DA:95,1
DA:96,1
DA:99,2
DA:101,2
DA:102,2
DA:103,1
DA:106,2
DA:109,1
DA:113,2
LF:55
LH:55
BRDA:21,0,0,1
BRDA:21,0,1,3
BRDA:21,1,0,4
BRDA:21,1,1,3
BRDA:28,2,0,3
BRDA:28,2,1,2
BRDA:41,3,0,1
BRDA:41,3,1,3
BRDA:55,4,0,1
BRDA:55,4,1,2
BRDA:68,5,0,1
BRDA:68,5,1,3
BRDA:76,6,0,1
BRDA:76,6,1,2
BRDA:94,7,0,1
BRDA:94,7,1,2
BRDA:102,8,0,1
BRDA:102,8,1,1
BRF:18
BRH:18
end_of_record
TN:
SF:src\controllers\trash.controller.js
FN:3,getTrash
FNF:1
FNH:1
FNDA:3,getTrash
DA:1,2
DA:4,3
DA:5,3
DA:6,1
DA:8,2
DA:12,2
LF:6
LH:6
BRF:0
BRH:0
end_of_record
TN:
SF:src\middleware\error.middleware.js
FN:1,errorHandler
FNF:1
FNH:1
FNDA:8,errorHandler
DA:2,8
DA:4,8
DA:6,8
DA:11,2
LF:4
LH:4
BRDA:2,0,0,8
BRDA:2,0,1,5
BRDA:7,1,0,8
BRDA:7,1,1,1
BRF:4
BRH:4
end_of_record
TN:
SF:src\routes\entries.routes.js
FNF:0
FNH:0
DA:1,2
DA:8,2
DA:10,2
DA:22,2
DA:40,2
DA:68,2
DA:101,2
DA:132,2
DA:134,2
LF:9
LH:9
BRF:0
BRH:0
end_of_record
TN:
SF:src\routes\trash.routes.js
FNF:0
FNH:0
DA:1,2
DA:2,2
DA:4,2
DA:22,2
DA:24,2
LF:5
LH:5
BRF:0
BRH:0
end_of_record
TN:
SF:src\services\export.service.js
FN:6,createDiaryExport
FN:9,(anonymous_1)
FN:22,removeExportFile
FNF:3
FNH:3
FNDA:3,createDiaryExport
FNDA:3,(anonymous_1)
FNDA:4,removeExportFile
DA:1,2
DA:2,2
DA:4,2
DA:7,3
DA:9,3
DA:10,3
DA:11,3
DA:12,3
DA:13,3
DA:14,3
DA:17,3
DA:19,3
DA:23,4
DA:24,3
DA:28,2
LF:15
LH:15
BRDA:12,0,0,3
BRDA:12,0,1,3
BRDA:23,1,0,3
BRDA:23,1,1,1
BRF:4
BRH:4
end_of_record
TN:
SF:src\services\trash.service.js
FN:6,readTrash
FN:15,saveToTrash
FNF:2
FNH:2
FNDA:7,readTrash
FNDA:2,saveToTrash
DA:1,2
DA:2,2
DA:4,2
DA:7,7
DA:8,3
DA:11,4
DA:12,3
DA:16,2
DA:18,2
DA:23,2
DA:26,2
LF:11
LH:11
BRDA:7,0,0,3
BRDA:7,0,1,4
BRDA:12,1,0,3
BRDA:12,1,1,1
BRF:4
BRH:4
end_of_record
