{"D:\\універ\\2 куркурс\\BackEnd -\\Projjj\\Back-End-Project\\PROJECT\\src\\app.js": {"path":"D:\\універ\\2 куркурс\\BackEnd -\\Projjj\\Back-End-Project\\PROJECT\\src\\app.js","statementMap":{"0":{"start":{"line":1,"column":0},"end":{"line":1,"column":27}},"1":{"start":{"line":3,"column":16},"end":{"line":3,"column":34}},"2":{"start":{"line":4,"column":13},"end":{"line":4,"column":28}},"3":{"start":{"line":5,"column":13},"end":{"line":5,"column":28}},"4":{"start":{"line":6,"column":21},"end":{"line":6,"column":45}},"5":{"start":{"line":7,"column":18},"end":{"line":7,"column":47}},"6":{"start":{"line":8,"column":19},"end":{"line":8,"column":50}},"7":{"start":{"line":9,"column":22},"end":{"line":9,"column":56}},"8":{"start":{"line":10,"column":20},"end":{"line":10,"column":52}},"9":{"start":{"line":11,"column":21},"end":{"line":11,"column":61}},"10":{"start":{"line":13,"column":12},"end":{"line":13,"column":21}},"11":{"start":{"line":16,"column":20},"end":{"line":70,"column":2}},"12":{"start":{"line":72,"column":0},"end":{"line":72,"column":16}},"13":{"start":{"line":73,"column":0},"end":{"line":73,"column":24}},"14":{"start":{"line":74,"column":0},"end":{"line":74,"column":62}},"15":{"start":{"line":76,"column":0},"end":{"line":76,"column":68}},"16":{"start":{"line":77,"column":0},"end":{"line":77,"column":33}},"17":{"start":{"line":78,"column":0},"end":{"line":78,"column":39}},"18":{"start":{"line":79,"column":0},"end":{"line":79,"column":35}},"19":{"start":{"line":81,"column":0},"end":{"line":81,"column":22}},"20":{"start":{"line":83,"column":0},"end":{"line":83,"column":21}}},"fnMap":{},"branchMap":{},"s":{"0":3,"1":3,"2":3,"3":3,"4":3,"5":3,"6":3,"7":3,"8":3,"9":3,"10":3,"11":3,"12":3,"13":3,"14":3,"15":3,"16":3,"17":3,"18":3,"19":3,"20":3},"f":{},"b":{},"_coverageSchema":"1a1c01bbd47fc00a2c39e90264f33305004495a9","hash":"d9b54371c82f33aa1bbae902de4b7757a085be88"}
,"D:\\універ\\2 куркурс\\BackEnd -\\Projjj\\Back-End-Project\\PROJECT\\src\\config\\prisma.js": {"path":"D:\\універ\\2 куркурс\\BackEnd -\\Projjj\\Back-End-Project\\PROJECT\\src\\config\\prisma.js","statementMap":{"0":{"start":{"line":1,"column":25},"end":{"line":1,"column":50}},"1":{"start":{"line":3,"column":15},"end":{"line":3,"column":33}},"2":{"start":{"line":5,"column":0},"end":{"line":5,"column":24}}},"fnMap":{},"branchMap":{},"s":{"0":3,"1":3,"2":3},"f":{},"b":{},"_coverageSchema":"1a1c01bbd47fc00a2c39e90264f33305004495a9","hash":"f9655ae6e31cd764cd1810a6e53ff446404b28f9"}
,"D:\\універ\\2 куркурс\\BackEnd -\\Projjj\\Back-End-Project\\PROJECT\\src\\controllers\\auth.controller.js": {"path":"D:\\універ\\2 куркурс\\BackEnd -\\Projjj\\Back-End-Project\\PROJECT\\src\\controllers\\auth.controller.js","statementMap":{"0":{"start":{"line":1,"column":15},"end":{"line":1,"column":42}},"1":{"start":{"line":2,"column":15},"end":{"line":2,"column":34}},"2":{"start":{"line":3,"column":12},"end":{"line":3,"column":35}},"3":{"start":{"line":5,"column":19},"end":{"line":5,"column":69}},"4":{"start":{"line":8,"column":4},"end":{"line":29,"column":5}},"5":{"start":{"line":9,"column":39},"end":{"line":9,"column":47}},"6":{"start":{"line":11,"column":8},"end":{"line":13,"column":9}},"7":{"start":{"line":12,"column":12},"end":{"line":12,"column":115}},"8":{"start":{"line":15,"column":29},"end":{"line":15,"column":82}},"9":{"start":{"line":16,"column":8},"end":{"line":18,"column":9}},"10":{"start":{"line":17,"column":12},"end":{"line":17,"column":80}},"11":{"start":{"line":20,"column":31},"end":{"line":20,"column":62}},"12":{"start":{"line":22,"column":8},"end":{"line":24,"column":11}},"13":{"start":{"line":26,"column":8},"end":{"line":26,"column":75}},"14":{"start":{"line":28,"column":8},"end":{"line":28,"column":20}},"15":{"start":{"line":33,"column":4},"end":{"line":51,"column":5}},"16":{"start":{"line":34,"column":39},"end":{"line":34,"column":47}},"17":{"start":{"line":36,"column":21},"end":{"line":36,"column":74}},"18":{"start":{"line":37,"column":8},"end":{"line":39,"column":9}},"19":{"start":{"line":38,"column":12},"end":{"line":38,"column":69}},"20":{"start":{"line":41,"column":32},"end":{"line":41,"column":77}},"21":{"start":{"line":42,"column":8},"end":{"line":44,"column":9}},"22":{"start":{"line":43,"column":12},"end":{"line":43,"column":71}},"23":{"start":{"line":46,"column":22},"end":{"line":46,"column":85}},"24":{"start":{"line":48,"column":8},"end":{"line":48,"column":57}},"25":{"start":{"line":50,"column":8},"end":{"line":50,"column":20}},"26":{"start":{"line":54,"column":0},"end":{"line":54,"column":37}}},"fnMap":{"0":{"name":"register","decl":{"start":{"line":7,"column":15},"end":{"line":7,"column":23}},"loc":{"start":{"line":7,"column":40},"end":{"line":30,"column":1}},"line":7},"1":{"name":"login","decl":{"start":{"line":32,"column":15},"end":{"line":32,"column":20}},"loc":{"start":{"line":32,"column":37},"end":{"line":52,"column":1}},"line":32}},"branchMap":{"0":{"loc":{"start":{"line":5,"column":19},"end":{"line":5,"column":69}},"type":"binary-expr","locations":[{"start":{"line":5,"column":19},"end":{"line":5,"column":41}},{"start":{"line":5,"column":45},"end":{"line":5,"column":69}}],"line":5},"1":{"loc":{"start":{"line":11,"column":8},"end":{"line":13,"column":9}},"type":"if","locations":[{"start":{"line":11,"column":8},"end":{"line":13,"column":9}},{"start":{},"end":{}}],"line":11},"2":{"loc":{"start":{"line":11,"column":12},"end":{"line":11,"column":57}},"type":"binary-expr","locations":[{"start":{"line":11,"column":12},"end":{"line":11,"column":21}},{"start":{"line":11,"column":25},"end":{"line":11,"column":34}},{"start":{"line":11,"column":38},"end":{"line":11,"column":57}}],"line":11},"3":{"loc":{"start":{"line":16,"column":8},"end":{"line":18,"column":9}},"type":"if","locations":[{"start":{"line":16,"column":8},"end":{"line":18,"column":9}},{"start":{},"end":{}}],"line":16},"4":{"loc":{"start":{"line":37,"column":8},"end":{"line":39,"column":9}},"type":"if","locations":[{"start":{"line":37,"column":8},"end":{"line":39,"column":9}},{"start":{},"end":{}}],"line":37},"5":{"loc":{"start":{"line":42,"column":8},"end":{"line":44,"column":9}},"type":"if","locations":[{"start":{"line":42,"column":8},"end":{"line":44,"column":9}},{"start":{},"end":{}}],"line":42}},"s":{"0":3,"1":3,"2":3,"3":3,"4":5,"5":5,"6":5,"7":1,"8":4,"9":3,"10":1,"11":2,"12":1,"13":1,"14":2,"15":5,"16":5,"17":5,"18":3,"19":1,"20":2,"21":2,"22":1,"23":1,"24":1,"25":2,"26":3},"f":{"0":5,"1":5},"b":{"0":[3,3],"1":[1,4],"2":[5,5,5],"3":[1,2],"4":[1,2],"5":[1,1]},"_coverageSchema":"1a1c01bbd47fc00a2c39e90264f33305004495a9","hash":"eaf242f9a0242d465b550c10482a772e1ff00459"}
,"D:\\універ\\2 куркурс\\BackEnd -\\Projjj\\Back-End-Project\\PROJECT\\src\\controllers\\entries.controller.js": {"path":"D:\\універ\\2 куркурс\\BackEnd -\\Projjj\\Back-End-Project\\PROJECT\\src\\controllers\\entries.controller.js","statementMap":{"0":{"start":{"line":1,"column":15},"end":{"line":1,"column":42}},"1":{"start":{"line":2,"column":48},"end":{"line":2,"column":85}},"2":{"start":{"line":3,"column":24},"end":{"line":3,"column":60}},"3":{"start":{"line":6,"column":4},"end":{"line":15,"column":5}},"4":{"start":{"line":7,"column":24},"end":{"line":10,"column":10}},"5":{"start":{"line":12,"column":8},"end":{"line":12,"column":26}},"6":{"start":{"line":14,"column":8},"end":{"line":14,"column":20}},"7":{"start":{"line":19,"column":4},"end":{"line":39,"column":5}},"8":{"start":{"line":20,"column":33},"end":{"line":20,"column":41}},"9":{"start":{"line":22,"column":8},"end":{"line":26,"column":9}},"10":{"start":{"line":23,"column":26},"end":{"line":23,"column":55}},"11":{"start":{"line":24,"column":12},"end":{"line":24,"column":35}},"12":{"start":{"line":25,"column":12},"end":{"line":25,"column":24}},"13":{"start":{"line":28,"column":25},"end":{"line":34,"column":10}},"14":{"start":{"line":36,"column":8},"end":{"line":36,"column":39}},"15":{"start":{"line":38,"column":8},"end":{"line":38,"column":20}},"16":{"start":{"line":43,"column":4},"end":{"line":69,"column":5}},"17":{"start":{"line":44,"column":19},"end":{"line":44,"column":53}},"18":{"start":{"line":46,"column":8},"end":{"line":50,"column":9}},"19":{"start":{"line":47,"column":26},"end":{"line":47,"column":58}},"20":{"start":{"line":48,"column":12},"end":{"line":48,"column":35}},"21":{"start":{"line":49,"column":12},"end":{"line":49,"column":24}},"22":{"start":{"line":52,"column":30},"end":{"line":54,"column":10}},"23":{"start":{"line":56,"column":8},"end":{"line":58,"column":9}},"24":{"start":{"line":57,"column":12},"end":{"line":57,"column":87}},"25":{"start":{"line":60,"column":33},"end":{"line":60,"column":41}},"26":{"start":{"line":61,"column":29},"end":{"line":64,"column":10}},"27":{"start":{"line":66,"column":8},"end":{"line":66,"column":31}},"28":{"start":{"line":68,"column":8},"end":{"line":68,"column":20}},"29":{"start":{"line":73,"column":4},"end":{"line":96,"column":5}},"30":{"start":{"line":74,"column":19},"end":{"line":74,"column":53}},"31":{"start":{"line":76,"column":8},"end":{"line":80,"column":9}},"32":{"start":{"line":77,"column":26},"end":{"line":77,"column":58}},"33":{"start":{"line":78,"column":12},"end":{"line":78,"column":35}},"34":{"start":{"line":79,"column":12},"end":{"line":79,"column":24}},"35":{"start":{"line":82,"column":30},"end":{"line":84,"column":10}},"36":{"start":{"line":86,"column":8},"end":{"line":88,"column":9}},"37":{"start":{"line":87,"column":12},"end":{"line":87,"column":87}},"38":{"start":{"line":90,"column":8},"end":{"line":90,"column":35}},"39":{"start":{"line":91,"column":8},"end":{"line":91,"column":53}},"40":{"start":{"line":93,"column":8},"end":{"line":93,"column":75}},"41":{"start":{"line":95,"column":8},"end":{"line":95,"column":20}},"42":{"start":{"line":100,"column":4},"end":{"line":121,"column":5}},"43":{"start":{"line":101,"column":24},"end":{"line":104,"column":10}},"44":{"start":{"line":106,"column":8},"end":{"line":109,"column":9}},"45":{"start":{"line":107,"column":12},"end":{"line":107,"column":68}},"46":{"start":{"line":108,"column":12},"end":{"line":108,"column":19}},"47":{"start":{"line":111,"column":25},"end":{"line":111,"column":51}},"48":{"start":{"line":113,"column":8},"end":{"line":118,"column":11}},"49":{"start":{"line":114,"column":12},"end":{"line":116,"column":13}},"50":{"start":{"line":115,"column":16},"end":{"line":115,"column":56}},"51":{"start":{"line":117,"column":12},"end":{"line":117,"column":31}},"52":{"start":{"line":120,"column":8},"end":{"line":120,"column":20}},"53":{"start":{"line":124,"column":0},"end":{"line":130,"column":2}}},"fnMap":{"0":{"name":"getEntries","decl":{"start":{"line":5,"column":15},"end":{"line":5,"column":25}},"loc":{"start":{"line":5,"column":42},"end":{"line":16,"column":1}},"line":5},"1":{"name":"createEntry","decl":{"start":{"line":18,"column":15},"end":{"line":18,"column":26}},"loc":{"start":{"line":18,"column":43},"end":{"line":40,"column":1}},"line":18},"2":{"name":"updateEntry","decl":{"start":{"line":42,"column":15},"end":{"line":42,"column":26}},"loc":{"start":{"line":42,"column":43},"end":{"line":70,"column":1}},"line":42},"3":{"name":"deleteEntry","decl":{"start":{"line":72,"column":15},"end":{"line":72,"column":26}},"loc":{"start":{"line":72,"column":43},"end":{"line":97,"column":1}},"line":72},"4":{"name":"exportEntries","decl":{"start":{"line":99,"column":15},"end":{"line":99,"column":28}},"loc":{"start":{"line":99,"column":45},"end":{"line":122,"column":1}},"line":99},"5":{"name":"(anonymous_5)","decl":{"start":{"line":113,"column":47},"end":{"line":113,"column":48}},"loc":{"start":{"line":113,"column":58},"end":{"line":118,"column":9}},"line":113}},"branchMap":{"0":{"loc":{"start":{"line":22,"column":8},"end":{"line":26,"column":9}},"type":"if","locations":[{"start":{"line":22,"column":8},"end":{"line":26,"column":9}},{"start":{},"end":{}}],"line":22},"1":{"loc":{"start":{"line":22,"column":12},"end":{"line":22,"column":45}},"type":"binary-expr","locations":[{"start":{"line":22,"column":12},"end":{"line":22,"column":20}},{"start":{"line":22,"column":24},"end":{"line":22,"column":45}}],"line":22},"2":{"loc":{"start":{"line":31,"column":21},"end":{"line":31,"column":32}},"type":"binary-expr","locations":[{"start":{"line":31,"column":21},"end":{"line":31,"column":24}},{"start":{"line":31,"column":28},"end":{"line":31,"column":32}}],"line":31},"3":{"loc":{"start":{"line":46,"column":8},"end":{"line":50,"column":9}},"type":"if","locations":[{"start":{"line":46,"column":8},"end":{"line":50,"column":9}},{"start":{},"end":{}}],"line":46},"4":{"loc":{"start":{"line":56,"column":8},"end":{"line":58,"column":9}},"type":"if","locations":[{"start":{"line":56,"column":8},"end":{"line":58,"column":9}},{"start":{},"end":{}}],"line":56},"5":{"loc":{"start":{"line":76,"column":8},"end":{"line":80,"column":9}},"type":"if","locations":[{"start":{"line":76,"column":8},"end":{"line":80,"column":9}},{"start":{},"end":{}}],"line":76},"6":{"loc":{"start":{"line":86,"column":8},"end":{"line":88,"column":9}},"type":"if","locations":[{"start":{"line":86,"column":8},"end":{"line":88,"column":9}},{"start":{},"end":{}}],"line":86},"7":{"loc":{"start":{"line":106,"column":8},"end":{"line":109,"column":9}},"type":"if","locations":[{"start":{"line":106,"column":8},"end":{"line":109,"column":9}},{"start":{},"end":{}}],"line":106},"8":{"loc":{"start":{"line":114,"column":12},"end":{"line":116,"column":13}},"type":"if","locations":[{"start":{"line":114,"column":12},"end":{"line":116,"column":13}},{"start":{},"end":{}}],"line":114}},"s":{"0":3,"1":3,"2":3,"3":3,"4":3,"5":1,"6":2,"7":3,"8":3,"9":3,"10":1,"11":1,"12":1,"13":2,"14":1,"15":2,"16":5,"17":5,"18":5,"19":1,"20":1,"21":1,"22":4,"23":4,"24":2,"25":2,"26":2,"27":1,"28":2,"29":4,"30":4,"31":4,"32":1,"33":1,"34":1,"35":3,"36":3,"37":1,"38":2,"39":2,"40":1,"41":2,"42":4,"43":4,"44":3,"45":1,"46":1,"47":2,"48":2,"49":2,"50":1,"51":2,"52":1,"53":3},"f":{"0":3,"1":3,"2":5,"3":4,"4":4,"5":2},"b":{"0":[1,2],"1":[3,3],"2":[2,1],"3":[1,4],"4":[2,2],"5":[1,3],"6":[1,2],"7":[1,2],"8":[1,1]},"_coverageSchema":"1a1c01bbd47fc00a2c39e90264f33305004495a9","hash":"739a3bfa18bf8b32b557eb8807f68f5f487168f4"}
,"D:\\універ\\2 куркурс\\BackEnd -\\Projjj\\Back-End-Project\\PROJECT\\src\\controllers\\trash.controller.js": {"path":"D:\\універ\\2 куркурс\\BackEnd -\\Projjj\\Back-End-Project\\PROJECT\\src\\controllers\\trash.controller.js","statementMap":{"0":{"start":{"line":1,"column":22},"end":{"line":1,"column":58}},"1":{"start":{"line":4,"column":4},"end":{"line":12,"column":5}},"2":{"start":{"line":5,"column":21},"end":{"line":5,"column":32}},"3":{"start":{"line":7,"column":26},"end":{"line":7,"column":80}},"4":{"start":{"line":7,"column":47},"end":{"line":7,"column":79}},"5":{"start":{"line":9,"column":8},"end":{"line":9,"column":28}},"6":{"start":{"line":11,"column":8},"end":{"line":11,"column":20}},"7":{"start":{"line":15,"column":0},"end":{"line":17,"column":2}}},"fnMap":{"0":{"name":"getTrash","decl":{"start":{"line":3,"column":9},"end":{"line":3,"column":17}},"loc":{"start":{"line":3,"column":34},"end":{"line":13,"column":1}},"line":3},"1":{"name":"(anonymous_1)","decl":{"start":{"line":7,"column":38},"end":{"line":7,"column":39}},"loc":{"start":{"line":7,"column":47},"end":{"line":7,"column":79}},"line":7}},"branchMap":{},"s":{"0":3,"1":4,"2":4,"3":2,"4":4,"5":2,"6":2,"7":3},"f":{"0":4,"1":4},"b":{},"_coverageSchema":"1a1c01bbd47fc00a2c39e90264f33305004495a9","hash":"198046de439d474f84f011a591baf08d350a6586"}
,"D:\\універ\\2 куркурс\\BackEnd -\\Projjj\\Back-End-Project\\PROJECT\\src\\middleware\\auth.middleware.js": {"path":"D:\\універ\\2 куркурс\\BackEnd -\\Projjj\\Back-End-Project\\PROJECT\\src\\middleware\\auth.middleware.js","statementMap":{"0":{"start":{"line":1,"column":12},"end":{"line":1,"column":35}},"1":{"start":{"line":3,"column":19},"end":{"line":3,"column":69}},"2":{"start":{"line":6,"column":23},"end":{"line":6,"column":48}},"3":{"start":{"line":8,"column":4},"end":{"line":10,"column":5}},"4":{"start":{"line":9,"column":8},"end":{"line":9,"column":82}},"5":{"start":{"line":12,"column":18},"end":{"line":12,"column":42}},"6":{"start":{"line":14,"column":4},"end":{"line":20,"column":5}},"7":{"start":{"line":15,"column":24},"end":{"line":15,"column":53}},"8":{"start":{"line":16,"column":8},"end":{"line":16,"column":27}},"9":{"start":{"line":17,"column":8},"end":{"line":17,"column":15}},"10":{"start":{"line":19,"column":8},"end":{"line":19,"column":71}},"11":{"start":{"line":23,"column":0},"end":{"line":23,"column":30}}},"fnMap":{"0":{"name":"authenticate","decl":{"start":{"line":5,"column":9},"end":{"line":5,"column":21}},"loc":{"start":{"line":5,"column":38},"end":{"line":21,"column":1}},"line":5}},"branchMap":{"0":{"loc":{"start":{"line":3,"column":19},"end":{"line":3,"column":69}},"type":"binary-expr","locations":[{"start":{"line":3,"column":19},"end":{"line":3,"column":41}},{"start":{"line":3,"column":45},"end":{"line":3,"column":69}}],"line":3},"1":{"loc":{"start":{"line":8,"column":4},"end":{"line":10,"column":5}},"type":"if","locations":[{"start":{"line":8,"column":4},"end":{"line":10,"column":5}},{"start":{},"end":{}}],"line":8},"2":{"loc":{"start":{"line":8,"column":8},"end":{"line":8,"column":56}},"type":"binary-expr","locations":[{"start":{"line":8,"column":8},"end":{"line":8,"column":19}},{"start":{"line":8,"column":23},"end":{"line":8,"column":56}}],"line":8}},"s":{"0":3,"1":3,"2":22,"3":22,"4":1,"5":21,"6":21,"7":21,"8":20,"9":20,"10":1,"11":3},"f":{"0":22},"b":{"0":[3,3],"1":[1,21],"2":[22,21]},"_coverageSchema":"1a1c01bbd47fc00a2c39e90264f33305004495a9","hash":"fcee51af90e095c4e92cb496bd466229da178e37"}
,"D:\\універ\\2 куркурс\\BackEnd -\\Projjj\\Back-End-Project\\PROJECT\\src\\middleware\\error.middleware.js": {"path":"D:\\універ\\2 куркурс\\BackEnd -\\Projjj\\Back-End-Project\\PROJECT\\src\\middleware\\error.middleware.js","statementMap":{"0":{"start":{"line":2,"column":19},"end":{"line":2,"column":42}},"1":{"start":{"line":4,"column":4},"end":{"line":4,"column":47}},"2":{"start":{"line":6,"column":4},"end":{"line":8,"column":7}},"3":{"start":{"line":11,"column":0},"end":{"line":11,"column":30}}},"fnMap":{"0":{"name":"errorHandler","decl":{"start":{"line":1,"column":9},"end":{"line":1,"column":21}},"loc":{"start":{"line":1,"column":46},"end":{"line":9,"column":1}},"line":1}},"branchMap":{"0":{"loc":{"start":{"line":2,"column":19},"end":{"line":2,"column":42}},"type":"binary-expr","locations":[{"start":{"line":2,"column":19},"end":{"line":2,"column":35}},{"start":{"line":2,"column":39},"end":{"line":2,"column":42}}],"line":2},"1":{"loc":{"start":{"line":7,"column":15},"end":{"line":7,"column":46}},"type":"binary-expr","locations":[{"start":{"line":7,"column":15},"end":{"line":7,"column":28}},{"start":{"line":7,"column":32},"end":{"line":7,"column":46}}],"line":7}},"s":{"0":11,"1":11,"2":11,"3":3},"f":{"0":11},"b":{"0":[11,7],"1":[11,1]},"_coverageSchema":"1a1c01bbd47fc00a2c39e90264f33305004495a9","hash":"a9ca38a76c08b942a24ef94670d819c6ff2b7bc4"}
,"D:\\універ\\2 куркурс\\BackEnd -\\Projjj\\Back-End-Project\\PROJECT\\src\\routes\\auth.routes.js": {"path":"D:\\універ\\2 куркурс\\BackEnd -\\Projjj\\Back-End-Project\\PROJECT\\src\\routes\\auth.routes.js","statementMap":{"0":{"start":{"line":1,"column":16},"end":{"line":1,"column":34}},"1":{"start":{"line":2,"column":28},"end":{"line":2,"column":69}},"2":{"start":{"line":4,"column":15},"end":{"line":4,"column":31}},"3":{"start":{"line":50,"column":0},"end":{"line":50,"column":35}},"4":{"start":{"line":103,"column":0},"end":{"line":103,"column":29}},"5":{"start":{"line":105,"column":0},"end":{"line":105,"column":24}}},"fnMap":{},"branchMap":{},"s":{"0":3,"1":3,"2":3,"3":3,"4":3,"5":3},"f":{},"b":{},"_coverageSchema":"1a1c01bbd47fc00a2c39e90264f33305004495a9","hash":"0be18ce7f23c88c8918530b1a5d62904e6fce9e4"}
,"D:\\універ\\2 куркурс\\BackEnd -\\Projjj\\Back-End-Project\\PROJECT\\src\\routes\\entries.routes.js": {"path":"D:\\універ\\2 куркурс\\BackEnd -\\Projjj\\Back-End-Project\\PROJECT\\src\\routes\\entries.routes.js","statementMap":{"0":{"start":{"line":1,"column":16},"end":{"line":1,"column":34}},"1":{"start":{"line":8,"column":4},"end":{"line":8,"column":48}},"2":{"start":{"line":9,"column":21},"end":{"line":9,"column":61}},"3":{"start":{"line":11,"column":15},"end":{"line":11,"column":31}},"4":{"start":{"line":13,"column":0},"end":{"line":13,"column":51}},"5":{"start":{"line":14,"column":0},"end":{"line":14,"column":42}},"6":{"start":{"line":15,"column":0},"end":{"line":15,"column":44}},"7":{"start":{"line":16,"column":0},"end":{"line":16,"column":46}},"8":{"start":{"line":17,"column":0},"end":{"line":17,"column":49}},"9":{"start":{"line":35,"column":0},"end":{"line":35,"column":37}},"10":{"start":{"line":59,"column":0},"end":{"line":59,"column":28}},"11":{"start":{"line":93,"column":0},"end":{"line":93,"column":30}},"12":{"start":{"line":140,"column":0},"end":{"line":140,"column":32}},"13":{"start":{"line":185,"column":0},"end":{"line":185,"column":35}},"14":{"start":{"line":187,"column":0},"end":{"line":187,"column":24}}},"fnMap":{},"branchMap":{},"s":{"0":3,"1":3,"2":3,"3":3,"4":3,"5":3,"6":3,"7":3,"8":3,"9":3,"10":3,"11":3,"12":3,"13":3,"14":3},"f":{},"b":{},"_coverageSchema":"1a1c01bbd47fc00a2c39e90264f33305004495a9","hash":"185468a17ac07cda075f807a7b46d0c9d5ba3495"}
,"D:\\універ\\2 куркурс\\BackEnd -\\Projjj\\Back-End-Project\\PROJECT\\src\\routes\\trash.routes.js": {"path":"D:\\універ\\2 куркурс\\BackEnd -\\Projjj\\Back-End-Project\\PROJECT\\src\\routes\\trash.routes.js","statementMap":{"0":{"start":{"line":1,"column":16},"end":{"line":1,"column":34}},"1":{"start":{"line":2,"column":21},"end":{"line":2,"column":63}},"2":{"start":{"line":3,"column":21},"end":{"line":3,"column":61}},"3":{"start":{"line":5,"column":15},"end":{"line":5,"column":31}},"4":{"start":{"line":29,"column":0},"end":{"line":29,"column":40}},"5":{"start":{"line":31,"column":0},"end":{"line":31,"column":24}}},"fnMap":{},"branchMap":{},"s":{"0":3,"1":3,"2":3,"3":3,"4":3,"5":3},"f":{},"b":{},"_coverageSchema":"1a1c01bbd47fc00a2c39e90264f33305004495a9","hash":"05b26cf2749d64ad66930cc0c7f134ba157a533d"}
,"D:\\універ\\2 куркурс\\BackEnd -\\Projjj\\Back-End-Project\\PROJECT\\src\\services\\export.service.js": {"path":"D:\\універ\\2 куркурс\\BackEnd -\\Projjj\\Back-End-Project\\PROJECT\\src\\services\\export.service.js","statementMap":{"0":{"start":{"line":1,"column":11},"end":{"line":1,"column":24}},"1":{"start":{"line":2,"column":13},"end":{"line":2,"column":28}},"2":{"start":{"line":4,"column":25},"end":{"line":4,"column":77}},"3":{"start":{"line":7,"column":22},"end":{"line":7,"column":54}},"4":{"start":{"line":9,"column":4},"end":{"line":15,"column":7}},"5":{"start":{"line":10,"column":8},"end":{"line":10,"column":60}},"6":{"start":{"line":11,"column":8},"end":{"line":11,"column":87}},"7":{"start":{"line":12,"column":8},"end":{"line":12,"column":57}},"8":{"start":{"line":13,"column":8},"end":{"line":13,"column":53}},"9":{"start":{"line":14,"column":8},"end":{"line":14,"column":72}},"10":{"start":{"line":17,"column":4},"end":{"line":17,"column":60}},"11":{"start":{"line":19,"column":4},"end":{"line":19,"column":28}},"12":{"start":{"line":23,"column":4},"end":{"line":25,"column":5}},"13":{"start":{"line":24,"column":8},"end":{"line":24,"column":40}},"14":{"start":{"line":28,"column":0},"end":{"line":31,"column":2}}},"fnMap":{"0":{"name":"createDiaryExport","decl":{"start":{"line":6,"column":9},"end":{"line":6,"column":26}},"loc":{"start":{"line":6,"column":36},"end":{"line":20,"column":1}},"line":6},"1":{"name":"(anonymous_1)","decl":{"start":{"line":9,"column":20},"end":{"line":9,"column":21}},"loc":{"start":{"line":9,"column":38},"end":{"line":15,"column":5}},"line":9},"2":{"name":"removeExportFile","decl":{"start":{"line":22,"column":9},"end":{"line":22,"column":25}},"loc":{"start":{"line":22,"column":28},"end":{"line":26,"column":1}},"line":22}},"branchMap":{"0":{"loc":{"start":{"line":12,"column":31},"end":{"line":12,"column":52}},"type":"binary-expr","locations":[{"start":{"line":12,"column":31},"end":{"line":12,"column":40}},{"start":{"line":12,"column":44},"end":{"line":12,"column":52}}],"line":12},"1":{"loc":{"start":{"line":23,"column":4},"end":{"line":25,"column":5}},"type":"if","locations":[{"start":{"line":23,"column":4},"end":{"line":25,"column":5}},{"start":{},"end":{}}],"line":23}},"s":{"0":3,"1":3,"2":3,"3":3,"4":3,"5":3,"6":3,"7":3,"8":3,"9":3,"10":3,"11":3,"12":4,"13":3,"14":3},"f":{"0":3,"1":3,"2":4},"b":{"0":[3,3],"1":[3,1]},"_coverageSchema":"1a1c01bbd47fc00a2c39e90264f33305004495a9","hash":"51face25560d4a75664c571917d3e685d72aa9af"}
,"D:\\універ\\2 куркурс\\BackEnd -\\Projjj\\Back-End-Project\\PROJECT\\src\\services\\trash.service.js": {"path":"D:\\універ\\2 куркурс\\BackEnd -\\Projjj\\Back-End-Project\\PROJECT\\src\\services\\trash.service.js","statementMap":{"0":{"start":{"line":1,"column":11},"end":{"line":1,"column":24}},"1":{"start":{"line":2,"column":13},"end":{"line":2,"column":28}},"2":{"start":{"line":4,"column":24},"end":{"line":4,"column":74}},"3":{"start":{"line":7,"column":4},"end":{"line":9,"column":5}},"4":{"start":{"line":8,"column":8},"end":{"line":8,"column":18}},"5":{"start":{"line":11,"column":21},"end":{"line":11,"column":61}},"6":{"start":{"line":12,"column":4},"end":{"line":12,"column":40}},"7":{"start":{"line":16,"column":18},"end":{"line":16,"column":29}},"8":{"start":{"line":18,"column":4},"end":{"line":21,"column":7}},"9":{"start":{"line":23,"column":4},"end":{"line":23,"column":78}},"10":{"start":{"line":26,"column":0},"end":{"line":29,"column":2}}},"fnMap":{"0":{"name":"readTrash","decl":{"start":{"line":6,"column":9},"end":{"line":6,"column":18}},"loc":{"start":{"line":6,"column":21},"end":{"line":13,"column":1}},"line":6},"1":{"name":"saveToTrash","decl":{"start":{"line":15,"column":9},"end":{"line":15,"column":20}},"loc":{"start":{"line":15,"column":27},"end":{"line":24,"column":1}},"line":15}},"branchMap":{"0":{"loc":{"start":{"line":7,"column":4},"end":{"line":9,"column":5}},"type":"if","locations":[{"start":{"line":7,"column":4},"end":{"line":9,"column":5}},{"start":{},"end":{}}],"line":7},"1":{"loc":{"start":{"line":12,"column":22},"end":{"line":12,"column":38}},"type":"binary-expr","locations":[{"start":{"line":12,"column":22},"end":{"line":12,"column":30}},{"start":{"line":12,"column":34},"end":{"line":12,"column":38}}],"line":12}},"s":{"0":3,"1":3,"2":3,"3":9,"4":3,"5":6,"6":5,"7":3,"8":3,"9":3,"10":3},"f":{"0":9,"1":3},"b":{"0":[3,6],"1":[5,1]},"_coverageSchema":"1a1c01bbd47fc00a2c39e90264f33305004495a9","hash":"5b2a48d5c2a3686f086b465b87bab711ce0d9729"}
}
