TN:
SF:src\app.js
FNF:0
FNH:0
DA:1,3
DA:3,3
DA:4,3
DA:5,3
DA:6,3
DA:7,3
DA:8,3
DA:9,3
DA:10,3
DA:11,3
DA:13,3
DA:16,3
DA:72,3
DA:73,3
DA:74,3
DA:76,3
DA:77,3
DA:78,3
DA:79,3
DA:81,3
DA:83,3
LF:21
LH:21
BRF:0
BRH:0
end_of_record
TN:
SF:src\config\prisma.js
FNF:0
FNH:0
DA:1,3
DA:3,3
DA:5,3
LF:3
LH:3
BRF:0
BRH:0
end_of_record
TN:
SF:src\controllers\auth.controller.js
FN:7,register
FN:32,login
FNF:2
FNH:2
FNDA:5,register
FNDA:5,login
DA:1,3
DA:2,3
DA:3,3
DA:5,3
DA:8,5
DA:9,5
DA:11,5
DA:12,1
DA:15,4
DA:16,3
DA:17,1
DA:20,2
DA:22,1
DA:26,1
DA:28,2
DA:33,5
DA:34,5
DA:36,5
DA:37,3
DA:38,1
DA:41,2
DA:42,2
DA:43,1
DA:46,1
DA:48,1
DA:50,2
DA:54,3
LF:27
LH:27
BRDA:5,0,0,3
BRDA:5,0,1,3
BRDA:11,1,0,1
BRDA:11,1,1,4
BRDA:11,2,0,5
BRDA:11,2,1,5
BRDA:11,2,2,5
BRDA:16,3,0,1
BRDA:16,3,1,2
BRDA:37,4,0,1
BRDA:37,4,1,2
BRDA:42,5,0,1
BRDA:42,5,1,1
BRF:13
BRH:13
end_of_record
TN:
SF:src\controllers\entries.controller.js
FN:5,getEntries
FN:18,createEntry
FN:42,updateEntry
FN:72,deleteEntry
FN:99,exportEntries
FN:113,(anonymous_5)
FNF:6
FNH:6
FNDA:3,getEntries
FNDA:3,createEntry
FNDA:5,updateEntry
FNDA:4,deleteEntry
FNDA:4,exportEntries
FNDA:2,(anonymous_5)
DA:1,3
DA:2,3
DA:3,3
DA:6,3
DA:7,3
DA:12,1
DA:14,2
DA:19,3
DA:20,3
DA:22,3
DA:23,1
DA:24,1
DA:25,1
DA:28,2
DA:36,1
DA:38,2
DA:43,5
DA:44,5
DA:46,5
DA:47,1
DA:48,1
DA:49,1
DA:52,4
DA:56,4
DA:57,2
DA:60,2
DA:61,2
DA:66,1
DA:68,2
DA:73,4
DA:74,4
DA:76,4
DA:77,1
DA:78,1
DA:79,1
DA:82,3
DA:86,3
DA:87,1
DA:90,2
DA:91,2
DA:93,1
DA:95,2
DA:100,4
DA:101,4
DA:106,3
DA:107,1
DA:108,1
DA:111,2
DA:113,2
DA:114,2
DA:115,1
DA:117,2
DA:120,1
DA:124,3
LF:54
LH:54
BRDA:22,0,0,1
BRDA:22,0,1,2
BRDA:22,1,0,3
BRDA:22,1,1,3
BRDA:31,2,0,2
BRDA:31,2,1,1
BRDA:46,3,0,1
BRDA:46,3,1,4
BRDA:56,4,0,2
BRDA:56,4,1,2
BRDA:76,5,0,1
BRDA:76,5,1,3
BRDA:86,6,0,1
BRDA:86,6,1,2
BRDA:106,7,0,1
BRDA:106,7,1,2
BRDA:114,8,0,1
BRDA:114,8,1,1
BRF:18
BRH:18
end_of_record
TN:
SF:src\controllers\trash.controller.js
FN:3,getTrash
FN:7,(anonymous_1)
FNF:2
FNH:2
FNDA:4,getTrash
FNDA:4,(anonymous_1)
DA:1,3
DA:4,4
DA:5,4
DA:7,4
DA:9,2
DA:11,2
DA:15,3
LF:7
LH:7
BRF:0
BRH:0
end_of_record
TN:
SF:src\middleware\auth.middleware.js
FN:5,authenticate
FNF:1
FNH:1
FNDA:22,authenticate
DA:1,3
DA:3,3
DA:6,22
DA:8,22
DA:9,1
DA:12,21
DA:14,21
DA:15,21
DA:16,20
DA:17,20
DA:19,1
DA:23,3
LF:12
LH:12
BRDA:3,0,0,3
BRDA:3,0,1,3
BRDA:8,1,0,1
BRDA:8,1,1,21
BRDA:8,2,0,22
BRDA:8,2,1,21
BRF:6
BRH:6
end_of_record
TN:
SF:src\middleware\error.middleware.js
FN:1,errorHandler
FNF:1
FNH:1
FNDA:11,errorHandler
DA:2,11
DA:4,11
DA:6,11
DA:11,3
LF:4
LH:4
BRDA:2,0,0,11
BRDA:2,0,1,7
BRDA:7,1,0,11
BRDA:7,1,1,1
BRF:4
BRH:4
end_of_record
TN:
SF:src\routes\auth.routes.js
FNF:0
FNH:0
DA:1,3
DA:2,3
DA:4,3
DA:50,3
DA:103,3
DA:105,3
LF:6
LH:6
BRF:0
BRH:0
end_of_record
TN:
SF:src\routes\entries.routes.js
FNF:0
FNH:0
DA:1,3
DA:8,3
DA:9,3
DA:11,3
DA:13,3
DA:14,3
DA:15,3
DA:16,3
DA:17,3
DA:35,3
DA:59,3
DA:93,3
DA:140,3
DA:185,3
DA:187,3
LF:15
LH:15
BRF:0
BRH:0
end_of_record
TN:
SF:src\routes\trash.routes.js
FNF:0
FNH:0
DA:1,3
DA:2,3
DA:3,3
DA:5,3
DA:29,3
DA:31,3
LF:6
LH:6
BRF:0
BRH:0
end_of_record
TN:
SF:src\services\export.service.js
FN:6,createDiaryExport
FN:9,(anonymous_1)
FN:22,removeExportFile
FNF:3
FNH:3
FNDA:3,createDiaryExport
FNDA:3,(anonymous_1)
FNDA:4,removeExportFile
DA:1,3
DA:2,3
DA:4,3
DA:7,3
DA:9,3
DA:10,3
DA:11,3
DA:12,3
DA:13,3
DA:14,3
DA:17,3
DA:19,3
DA:23,4
DA:24,3
DA:28,3
LF:15
LH:15
BRDA:12,0,0,3
BRDA:12,0,1,3
BRDA:23,1,0,3
BRDA:23,1,1,1
BRF:4
BRH:4
end_of_record
TN:
SF:src\services\trash.service.js
FN:6,readTrash
FN:15,saveToTrash
FNF:2
FNH:2
FNDA:9,readTrash
FNDA:3,saveToTrash
DA:1,3
DA:2,3
DA:4,3
DA:7,9
DA:8,3
DA:11,6
DA:12,5
DA:16,3
DA:18,3
DA:23,3
DA:26,3
LF:11
LH:11
BRDA:7,0,0,3
BRDA:7,0,1,6
BRDA:12,1,0,5
BRDA:12,1,1,1
BRF:4
BRH:4
end_of_record
